<?xml version="1.0" encoding="UTF-8"?>
<testng-results skipped="0" failed="0" ignored="0" total="1" passed="1">
  <reporter-output>
  </reporter-output>
  <suite name="InetBankingV1" duration-ms="49181" started-at="2018-12-30T11:30:55Z" finished-at="2018-12-30T11:31:44Z">
    <groups>
    </groups>
    <test name="BankingApp Test" duration-ms="49181" started-at="2018-12-30T11:30:55Z" finished-at="2018-12-30T11:31:44Z">
      <class name="com.inetbanking.testCases.TC_SeleniumLogin_004">
        <test-method status="PASS" signature="setup(java.lang.String)[pri:0, instance:com.inetbanking.testCases.TC_SeleniumLogin_004@17c68925]" name="setup" is-config="true" duration-ms="30383" started-at="2018-12-30T11:30:55Z" finished-at="2018-12-30T11:31:26Z">
          <params>
            <param index="0">
              <value>
                <![CDATA[chrome]]>
              </value>
            </param>
          </params>
          <reporter-output>
          </reporter-output>
        </test-method> <!-- setup -->
        <test-method status="PASS" signature="seleniumtologin()[pri:0, instance:com.inetbanking.testCases.TC_SeleniumLogin_004@17c68925]" name="seleniumtologin" duration-ms="17703" started-at="2018-12-30T11:31:26Z" finished-at="2018-12-30T11:31:43Z">
          <reporter-output>
          </reporter-output>
        </test-method> <!-- seleniumtologin -->
        <test-method status="PASS" signature="tearDown()[pri:0, instance:com.inetbanking.testCases.TC_SeleniumLogin_004@17c68925]" name="tearDown" is-config="true" duration-ms="721" started-at="2018-12-30T11:31:43Z" finished-at="2018-12-30T11:31:44Z">
          <reporter-output>
          </reporter-output>
        </test-method> <!-- tearDown -->
      </class> <!-- com.inetbanking.testCases.TC_SeleniumLogin_004 -->
    </test> <!-- BankingApp Test -->
  </suite> <!-- InetBankingV1 -->
</testng-results>
