<?xml version="1.0" encoding="UTF-8"?>
<testng-results skipped="0" failed="0" ignored="0" total="1" passed="1">
  <reporter-output>
  </reporter-output>
  <suite name="InetBankingV1" duration-ms="27530" started-at="2018-12-30T11:28:44Z" finished-at="2018-12-30T11:29:11Z">
    <groups>
    </groups>
    <test name="BankingApp Test" duration-ms="27530" started-at="2018-12-30T11:28:44Z" finished-at="2018-12-30T11:29:11Z">
      <class name="com.inetbanking.testCases.TC_SeleniumLogin_004">
        <test-method status="PASS" signature="setup(java.lang.String)[pri:0, instance:com.inetbanking.testCases.TC_SeleniumLogin_004@53b32d7]" name="setup" is-config="true" duration-ms="9636" started-at="2018-12-30T11:28:44Z" finished-at="2018-12-30T11:28:53Z">
          <params>
            <param index="0">
              <value>
                <![CDATA[chrome]]>
              </value>
            </param>
          </params>
          <reporter-output>
          </reporter-output>
        </test-method> <!-- setup -->
        <test-method status="PASS" signature="seleniumtologin()[pri:0, instance:com.inetbanking.testCases.TC_SeleniumLogin_004@53b32d7]" name="seleniumtologin" duration-ms="16847" started-at="2018-12-30T11:28:54Z" finished-at="2018-12-30T11:29:10Z">
          <reporter-output>
          </reporter-output>
        </test-method> <!-- seleniumtologin -->
        <test-method status="PASS" signature="tearDown()[pri:0, instance:com.inetbanking.testCases.TC_SeleniumLogin_004@53b32d7]" name="tearDown" is-config="true" duration-ms="672" started-at="2018-12-30T11:29:10Z" finished-at="2018-12-30T11:29:11Z">
          <reporter-output>
          </reporter-output>
        </test-method> <!-- tearDown -->
      </class> <!-- com.inetbanking.testCases.TC_SeleniumLogin_004 -->
    </test> <!-- BankingApp Test -->
  </suite> <!-- InetBankingV1 -->
</testng-results>
